C:\Program Files (x86)\Microsoft Visual Studio\2019\Community\MSBuild\Microsoft\VC\v160\Microsoft.CppBuild.targets(513,5): warning MSB8028: The intermediate directory (Debug\) contains files shared from another project (Sterllaris MultiGalaxy Generator.vcxproj).  This can lead to incorrect clean and rebuild behavior.
  main.cpp
C:\Users\Jacob\source\repos\SMGG\Sterllaris MultiGalaxy Generator\variables.h(40,18): warning C4305: 'initializing': truncation from 'double' to 'float'
C:\Users\Jacob\source\repos\SMGG\Sterllaris MultiGalaxy Generator\graphics_engine.h(1015,29): warning C4018: '>': signed/unsigned mismatch
C:\Users\Jacob\source\repos\SMGG\Sterllaris MultiGalaxy Generator\graphics_engine.h(1123,43): warning C4018: '<': signed/unsigned mismatch
C:\Users\Jacob\source\repos\SMGG\Sterllaris MultiGalaxy Generator\graphics_engine.h(1127,51): warning C4018: '<': signed/unsigned mismatch
C:\Users\Jacob\source\repos\SMGG\Sterllaris MultiGalaxy Generator\graphics_engine.h(1152,23): warning C4018: '<': signed/unsigned mismatch
C:\Users\Jacob\source\repos\SMGG\Sterllaris MultiGalaxy Generator\graphics_engine.h(1160,39): warning C4018: '<': signed/unsigned mismatch
C:\Users\Jacob\source\repos\SMGG\Sterllaris MultiGalaxy Generator\graphics_engine.h(1162,43): warning C4018: '<': signed/unsigned mismatch
C:\Users\Jacob\source\repos\SMGG\Sterllaris MultiGalaxy Generator\graphics_engine.h(1183,27): warning C4018: '<': signed/unsigned mismatch
C:\Users\Jacob\source\repos\SMGG\Sterllaris MultiGalaxy Generator\file_operation.h(45,31): warning C4018: '<': signed/unsigned mismatch
C:\Users\Jacob\source\repos\SMGG\Sterllaris MultiGalaxy Generator\file_operation.h(54,35): warning C4018: '<': signed/unsigned mismatch
C:\Users\Jacob\source\repos\SMGG\Sterllaris MultiGalaxy Generator\file_operation.h(112,35): warning C4018: '<': signed/unsigned mismatch
C:\Users\Jacob\source\repos\SMGG\Sterllaris MultiGalaxy Generator\file_operation.h(114,39): warning C4018: '<': signed/unsigned mismatch
C:\Users\Jacob\source\repos\SMGG\Sterllaris MultiGalaxy Generator\file_operation.h(125,31): warning C4018: '<': signed/unsigned mismatch
C:\Users\Jacob\source\repos\SMGG\Sterllaris MultiGalaxy Generator\file_operation.h(172,31): warning C4018: '<': signed/unsigned mismatch
C:\Users\Jacob\source\repos\SMGG\Sterllaris MultiGalaxy Generator\file_operation.h(184,23): warning C4018: '<': signed/unsigned mismatch
C:\Users\Jacob\source\repos\SMGG\Sterllaris MultiGalaxy Generator\file_operation.h(187,27): warning C4018: '<': signed/unsigned mismatch
C:\Users\Jacob\source\repos\SMGG\Sterllaris MultiGalaxy Generator\file_operation.h(406,47): warning C4018: '<': signed/unsigned mismatch
C:\Users\Jacob\source\repos\SMGG\Sterllaris MultiGalaxy Generator\file_operation.h(450,55): warning C4018: '<': signed/unsigned mismatch
C:\Users\Jacob\source\repos\SMGG\Sterllaris MultiGalaxy Generator\file_operation.h(453,59): warning C4018: '<': signed/unsigned mismatch
C:\Users\Jacob\source\repos\SMGG\Sterllaris MultiGalaxy Generator\file_operation.h(463,55): warning C4018: '<': signed/unsigned mismatch
C:\Users\Jacob\source\repos\SMGG\Sterllaris MultiGalaxy Generator\file_operation.h(466,59): warning C4018: '<': signed/unsigned mismatch
C:\Users\Jacob\source\repos\SMGG\Sterllaris MultiGalaxy Generator\file_operation.h(478,51): warning C4018: '<': signed/unsigned mismatch
C:\Users\Jacob\source\repos\SMGG\Sterllaris MultiGalaxy Generator\file_operation.h(508,51): warning C4018: '<': signed/unsigned mismatch
C:\Users\Jacob\source\repos\SMGG\Sterllaris MultiGalaxy Generator\file_operation.h(513,47): warning C4018: '<': signed/unsigned mismatch
C:\Users\Jacob\source\repos\SMGG\Sterllaris MultiGalaxy Generator\file_operation.h(516,51): warning C4018: '<': signed/unsigned mismatch
C:\Users\Jacob\source\repos\SMGG\Sterllaris MultiGalaxy Generator\file_operation.h(565,23): warning C4018: '<': signed/unsigned mismatch
C:\Users\Jacob\source\repos\SMGG\Sterllaris MultiGalaxy Generator\file_operation.h(727,23): warning C4018: '<': signed/unsigned mismatch
C:\Users\Jacob\source\repos\SMGG\Sterllaris MultiGalaxy Generator\file_operation.h(825,23): warning C4018: '<': signed/unsigned mismatch
C:\Users\Jacob\source\repos\SMGG\Sterllaris MultiGalaxy Generator\file_operation.h(944,23): warning C4018: '<': signed/unsigned mismatch
C:\Users\Jacob\source\repos\SMGG\Sterllaris MultiGalaxy Generator\basic_menu_operation.h(311,31): warning C4018: '<': signed/unsigned mismatch
C:\Users\Jacob\source\repos\SMGG\Sterllaris MultiGalaxy Generator\basic_menu_operation.h(313,35): warning C4018: '<': signed/unsigned mismatch
C:\Users\Jacob\source\repos\SMGG\Sterllaris MultiGalaxy Generator\basic_menu_operation.h(326,33): warning C4018: '<': signed/unsigned mismatch
C:\Users\Jacob\source\repos\SMGG\Sterllaris MultiGalaxy Generator\basic_menu_operation.h(421,23): warning C4018: '<': signed/unsigned mismatch
C:\Users\Jacob\source\repos\SMGG\Sterllaris MultiGalaxy Generator\basic_menu_operation.h(423,27): warning C4018: '<': signed/unsigned mismatch
C:\Users\Jacob\source\repos\SMGG\Sterllaris MultiGalaxy Generator\basic_menu_operation.h(428,23): warning C4018: '<': signed/unsigned mismatch
C:\Users\Jacob\source\repos\SMGG\Sterllaris MultiGalaxy Generator\algo.h(57,23): warning C4244: '=': conversion from 'double' to 'float', possible loss of data
C:\Users\Jacob\source\repos\SMGG\Sterllaris MultiGalaxy Generator\algo.h(66,35): warning C4244: '=': conversion from 'double' to 'float', possible loss of data
C:\Users\Jacob\source\repos\SMGG\Sterllaris MultiGalaxy Generator\algo.h(78,35): warning C4244: '=': conversion from 'double' to 'float', possible loss of data
C:\Users\Jacob\source\repos\SMGG\Sterllaris MultiGalaxy Generator\algo.h(90,35): warning C4244: '=': conversion from 'double' to 'float', possible loss of data
C:\Users\Jacob\source\repos\SMGG\Sterllaris MultiGalaxy Generator\algo.h(102,35): warning C4244: '=': conversion from 'double' to 'float', possible loss of data
C:\Users\Jacob\source\repos\SMGG\Sterllaris MultiGalaxy Generator\algo.h(114,35): warning C4244: '=': conversion from 'double' to 'float', possible loss of data
C:\Users\Jacob\source\repos\SMGG\Sterllaris MultiGalaxy Generator\algo.h(157,29): warning C4018: '<': signed/unsigned mismatch
C:\Users\Jacob\source\repos\SMGG\Sterllaris MultiGalaxy Generator\algo.h(242,15): warning C4244: 'argument': conversion from 'time_t' to 'unsigned int', possible loss of data
C:\Users\Jacob\source\repos\SMGG\Sterllaris MultiGalaxy Generator\algo.h(257,27): warning C4018: '<': signed/unsigned mismatch
C:\Users\Jacob\source\repos\SMGG\Sterllaris MultiGalaxy Generator\algo.h(380,32): warning C4244: 'initializing': conversion from 'double' to 'int', possible loss of data
C:\Users\Jacob\source\repos\SMGG\Sterllaris MultiGalaxy Generator\algo.h(390,51): warning C4018: '>': signed/unsigned mismatch
C:\Users\Jacob\source\repos\SMGG\Sterllaris MultiGalaxy Generator\algo.h(400,36): warning C4244: 'initializing': conversion from 'double' to 'int', possible loss of data
C:\Users\Jacob\source\repos\SMGG\Sterllaris MultiGalaxy Generator\algo.h(414,30): warning C4018: '>': signed/unsigned mismatch
C:\Users\Jacob\source\repos\SMGG\Sterllaris MultiGalaxy Generator\algo.h(445,27): warning C4018: '<': signed/unsigned mismatch
C:\Users\Jacob\source\repos\SMGG\Sterllaris MultiGalaxy Generator\algo.h(476,40): warning C4244: 'initializing': conversion from 'double' to 'int', possible loss of data
C:\Users\Jacob\source\repos\SMGG\Sterllaris MultiGalaxy Generator\algo.h(499,44): warning C4244: 'initializing': conversion from 'double' to 'int', possible loss of data
C:\Users\Jacob\source\repos\SMGG\Sterllaris MultiGalaxy Generator\algo.h(514,34): warning C4018: '>': signed/unsigned mismatch
C:\Users\Jacob\source\repos\SMGG\Sterllaris MultiGalaxy Generator\algo.h(551,32): warning C4244: 'initializing': conversion from 'double' to 'int', possible loss of data
C:\Users\Jacob\source\repos\SMGG\Sterllaris MultiGalaxy Generator\algo.h(565,30): warning C4018: '>': signed/unsigned mismatch
C:\Users\Jacob\source\repos\SMGG\Sterllaris MultiGalaxy Generator\algo.h(596,46): warning C4018: '<': signed/unsigned mismatch
C:\Users\Jacob\source\repos\SMGG\Sterllaris MultiGalaxy Generator\algo.h(602,28): warning C4244: 'initializing': conversion from 'double' to 'int', possible loss of data
C:\Users\Jacob\source\repos\SMGG\Sterllaris MultiGalaxy Generator\algo.h(628,31): warning C4018: '<': signed/unsigned mismatch
C:\Users\Jacob\source\repos\SMGG\Sterllaris MultiGalaxy Generator\algo.h(630,28): warning C4244: 'initializing': conversion from 'double' to 'int', possible loss of data
C:\Users\Jacob\source\repos\SMGG\Sterllaris MultiGalaxy Generator\algo.h(708,23): warning C4018: '<': signed/unsigned mismatch
C:\Users\Jacob\source\repos\SMGG\Sterllaris MultiGalaxy Generator\algo.h(711,17): warning C4244: 'initializing': conversion from 'int' to 'float', possible loss of data
C:\Users\Jacob\source\repos\SMGG\Sterllaris MultiGalaxy Generator\algo.h(711,52): warning C4244: 'initializing': conversion from 'int' to 'float', possible loss of data
C:\Users\Jacob\source\repos\SMGG\Sterllaris MultiGalaxy Generator\algo.h(720,23): warning C4018: '<': signed/unsigned mismatch
C:\Users\Jacob\source\repos\SMGG\Sterllaris MultiGalaxy Generator\algo.h(750,23): warning C4018: '<': signed/unsigned mismatch
C:\Users\Jacob\source\repos\SMGG\Sterllaris MultiGalaxy Generator\algo.h(753,17): warning C4244: 'initializing': conversion from 'int' to 'float', possible loss of data
C:\Users\Jacob\source\repos\SMGG\Sterllaris MultiGalaxy Generator\algo.h(753,52): warning C4244: 'initializing': conversion from 'int' to 'float', possible loss of data
C:\Users\Jacob\source\repos\SMGG\Sterllaris MultiGalaxy Generator\algo.h(755,27): warning C4244: 'initializing': conversion from 'float' to 'int', possible loss of data
C:\Users\Jacob\source\repos\SMGG\Sterllaris MultiGalaxy Generator\algo.h(756,27): warning C4244: 'initializing': conversion from 'float' to 'int', possible loss of data
C:\Users\Jacob\source\repos\SMGG\Sterllaris MultiGalaxy Generator\algo.h(757,25): warning C4244: 'initializing': conversion from 'float' to 'int', possible loss of data
C:\Users\Jacob\source\repos\SMGG\Sterllaris MultiGalaxy Generator\algo.h(758,29): warning C4244: 'initializing': conversion from 'float' to 'int', possible loss of data
C:\Users\Jacob\source\repos\SMGG\Sterllaris MultiGalaxy Generator\algo.h(762,37): warning C4244: '=': conversion from 'float' to 'int', possible loss of data
C:\Users\Jacob\source\repos\SMGG\Sterllaris MultiGalaxy Generator\algo.h(766,37): warning C4244: '=': conversion from 'float' to 'int', possible loss of data
C:\Users\Jacob\source\repos\SMGG\Sterllaris MultiGalaxy Generator\algo.h(771,32): warning C4244: '=': conversion from 'float' to 'int', possible loss of data
C:\Users\Jacob\source\repos\SMGG\Sterllaris MultiGalaxy Generator\algo.h(773,47): warning C4244: '=': conversion from 'float' to 'int', possible loss of data
C:\Users\Jacob\source\repos\SMGG\Sterllaris MultiGalaxy Generator\algo.h(774,54): warning C4244: '=': conversion from 'float' to 'int', possible loss of data
C:\Users\Jacob\source\repos\SMGG\Sterllaris MultiGalaxy Generator\algo.h(775,57): warning C4244: '=': conversion from 'float' to 'int', possible loss of data
C:\Users\Jacob\source\repos\SMGG\Sterllaris MultiGalaxy Generator\algo.h(776,56): warning C4244: '=': conversion from 'float' to 'int', possible loss of data
C:\Users\Jacob\source\repos\SMGG\Sterllaris MultiGalaxy Generator\algo.h(1095,14): warning C4018: '<': signed/unsigned mismatch
C:\Users\Jacob\source\repos\SMGG\Sterllaris MultiGalaxy Generator\algo.h(1148,119): warning C4244: '=': conversion from 'int' to 'float', possible loss of data
C:\Users\Jacob\source\repos\SMGG\Sterllaris MultiGalaxy Generator\algo.h(1149,25): warning C4244: '=': conversion from 'int' to 'float', possible loss of data
C:\Users\Jacob\source\repos\SMGG\Sterllaris MultiGalaxy Generator\algo.h(1150,42): warning C4244: 'initializing': conversion from 'float' to 'int', possible loss of data
C:\Users\Jacob\source\repos\SMGG\Sterllaris MultiGalaxy Generator\algo.h(1151,31): warning C4244: 'initializing': conversion from 'float' to 'int', possible loss of data
C:\Users\Jacob\source\repos\SMGG\Sterllaris MultiGalaxy Generator\algo.h(1180,34): warning C4244: 'initializing': conversion from 'double' to 'float', possible loss of data
C:\Users\Jacob\source\repos\SMGG\Sterllaris MultiGalaxy Generator\algo.h(1181,34): warning C4244: 'initializing': conversion from 'double' to 'float', possible loss of data
C:\Users\Jacob\source\repos\SMGG\Sterllaris MultiGalaxy Generator\algo.h(1195,151): warning C4244: '=': conversion from 'double' to 'float', possible loss of data
C:\Users\Jacob\source\repos\SMGG\Sterllaris MultiGalaxy Generator\algo.h(1196,25): warning C4244: '=': conversion from 'int' to 'float', possible loss of data
C:\Users\Jacob\source\repos\SMGG\Sterllaris MultiGalaxy Generator\algo.h(1197,112): warning C4244: '=': conversion from 'double' to 'int', possible loss of data
C:\Users\Jacob\source\repos\SMGG\Sterllaris MultiGalaxy Generator\algo.h(1198,42): warning C4244: 'initializing': conversion from 'float' to 'int', possible loss of data
C:\Users\Jacob\source\repos\SMGG\Sterllaris MultiGalaxy Generator\main.cpp(298,47): warning C4018: '<': signed/unsigned mismatch
C:\Users\Jacob\source\repos\SMGG\Sterllaris MultiGalaxy Generator\main.cpp(300,42): warning C4244: 'initializing': conversion from 'double' to 'int', possible loss of data
C:\Users\Jacob\source\repos\SMGG\Sterllaris MultiGalaxy Generator\main.cpp(387,43): warning C4018: '<': signed/unsigned mismatch
C:\Users\Jacob\source\repos\SMGG\Sterllaris MultiGalaxy Generator\main.cpp(397,47): warning C4018: '<': signed/unsigned mismatch
C:\Users\Jacob\source\repos\SMGG\Sterllaris MultiGalaxy Generator\main.cpp(401,51): warning C4018: '<': signed/unsigned mismatch
C:\Users\Jacob\source\repos\SMGG\Sterllaris MultiGalaxy Generator\main.cpp(431,47): warning C4018: '<': signed/unsigned mismatch
C:\Users\Jacob\source\repos\SMGG\Sterllaris MultiGalaxy Generator\main.cpp(442,47): warning C4018: '<': signed/unsigned mismatch
C:\Users\Jacob\source\repos\SMGG\Sterllaris MultiGalaxy Generator\main.cpp(1040,59): warning C4018: '<': signed/unsigned mismatch
C:\Users\Jacob\source\repos\SMGG\Sterllaris MultiGalaxy Generator\main.cpp(1042,63): warning C4018: '<': signed/unsigned mismatch
C:\Users\Jacob\source\repos\SMGG\Sterllaris MultiGalaxy Generator\main.cpp(1923,23): warning C4018: '<': signed/unsigned mismatch
C:\Users\Jacob\source\repos\SMGG\Sterllaris MultiGalaxy Generator\main.cpp(1925,27): warning C4018: '<': signed/unsigned mismatch
C:\Users\Jacob\source\repos\SMGG\Sterllaris MultiGalaxy Generator\main.cpp(2236,35): warning C4018: '<': signed/unsigned mismatch
C:\Users\Jacob\source\repos\SMGG\Sterllaris MultiGalaxy Generator\main.cpp(2247,31): warning C4018: '<': signed/unsigned mismatch
C:\Users\Jacob\source\repos\SMGG\Sterllaris MultiGalaxy Generator\main.cpp(2347,23): warning C4244: 'argument': conversion from 'time_t' to 'unsigned int', possible loss of data
C:\Users\Jacob\source\repos\SMGG\Sterllaris MultiGalaxy Generator\main.cpp(2369,39): warning C4018: '<': signed/unsigned mismatch
C:\Users\Jacob\source\repos\SMGG\Sterllaris MultiGalaxy Generator\main.cpp(2376,39): warning C4018: '<': signed/unsigned mismatch
C:\Users\Jacob\source\repos\SMGG\Sterllaris MultiGalaxy Generator\main.cpp(2378,43): warning C4018: '<': signed/unsigned mismatch
C:\Users\Jacob\source\repos\SMGG\Sterllaris MultiGalaxy Generator\main.cpp(2386,39): warning C4018: '<': signed/unsigned mismatch
  Sterllaris MultiGalaxy Generator.vcxproj -> C:\Users\Jacob\source\repos\SMGG\Debug\Stellaris MultiGalaxy Generator.exe
  C:\Users\Jacob\source\repos\SMGG\Dependencies\SDL\lib\x86\SDL2.dll
  1 File(s) copied
  0 File(s) copied
  0 File(s) copied
